<?xml version="1.0" encoding="UTF-8"?>
<testng-results ignored="0" total="1" passed="1" failed="0" skipped="0">
  <reporter-output>
  </reporter-output>
  <suite started-at="2024-10-04T14:10:58 IST" name="Default suite" finished-at="2024-10-04T14:11:19 IST" duration-ms="21047">
    <groups>
    </groups>
    <test started-at="2024-10-04T14:10:58 IST" name="Default test" finished-at="2024-10-04T14:11:19 IST" duration-ms="21047">
      <class name="Login.LoginPage">
        <test-method is-config="true" signature="setUp()[pri:0, instance:Login.LoginPage@60099951]" started-at="2024-10-04T14:10:58 IST" name="setUp" finished-at="2024-10-04T14:11:17 IST" duration-ms="18765" status="PASS">
          <reporter-output>
          </reporter-output>
        </test-method> <!-- setUp -->
        <test-method signature="openFacebook()[pri:0, instance:Login.LoginPage@60099951]" started-at="2024-10-04T14:11:17 IST" name="openFacebook" finished-at="2024-10-04T14:11:19 IST" duration-ms="1548" status="PASS">
          <reporter-output>
          </reporter-output>
        </test-method> <!-- openFacebook -->
        <test-method is-config="true" signature="tearDown()[pri:0, instance:Login.LoginPage@60099951]" started-at="2024-10-04T14:11:19 IST" name="tearDown" finished-at="2024-10-04T14:11:19 IST" duration-ms="670" status="PASS">
          <reporter-output>
          </reporter-output>
        </test-method> <!-- tearDown -->
      </class> <!-- Login.LoginPage -->
    </test> <!-- Default test -->
  </suite> <!-- Default suite -->
</testng-results>
